<?xml version="1.0" encoding="UTF-8"?>
<!-- Generated by org.testng.reporters.JUnitReportReporter -->
<testsuite hostname="MCKL-7604-T" failures="0" tests="5" name="seleniumExamples.TestMultipleTimes" time="0.030" errors="0" timestamp="2023-03-22T10:27:41 IST" skipped="0">
  <testcase classname="seleniumExamples.TestMultipleTimes" name="test1" time="0.020"/>
  <system-out/>
  <testcase classname="seleniumExamples.TestMultipleTimes" name="test1" time="0.002"/>
  <system-out/>
  <testcase classname="seleniumExamples.TestMultipleTimes" name="test1" time="0.002"/>
  <system-out/>
  <testcase classname="seleniumExamples.TestMultipleTimes" name="test1" time="0.001"/>
  <system-out/>
  <testcase classname="seleniumExamples.TestMultipleTimes" name="test1" time="0.005"/>
  <system-out/>
</testsuite> <!-- seleniumExamples.TestMultipleTimes -->
