<?xml version="1.0" encoding="UTF-8"?>
<!-- Generated by org.testng.reporters.JUnitReportReporter -->
<testsuite hostname="MCKL-7604-T" failures="0" tests="1" name="seleniumExamples.TimeOutExample" time="2.031" errors="0" timestamp="2023-03-22T10:33:39 IST" skipped="0">
  <testcase classname="seleniumExamples.TimeOutExample" name="test" time="2.031"/>
  <system-out/>
</testsuite> <!-- seleniumExamples.TimeOutExample -->
