<?xml version="1.0" encoding="UTF-8"?>
<!-- Generated by org.testng.reporters.JUnitReportReporter -->
<testsuite hostname="MCKL-7604-T" failures="0" tests="1" name="seleniumExamples.ExceptionHandlingTestNg" time="4.043" errors="0" timestamp="2023-05-04T15:53:22 IST" skipped="0">
  <testcase classname="seleniumExamples.ExceptionHandlingTestNg" name="test1" time="4.043"/>
  <system-out/>
</testsuite> <!-- seleniumExamples.ExceptionHandlingTestNg -->
